d:\visual studio\lab5\lab5\debug\vc142.pdb
d:\visual studio\lab5\lab5\debug\vc142.idb
d:\visual studio\lab5\lab5\debug\ui.obj
d:\visual studio\lab5\lab5\debug\screenlogger.obj
d:\visual studio\lab5\lab5\debug\request.obj
d:\visual studio\lab5\lab5\debug\repo.obj
d:\visual studio\lab5\lab5\debug\onlinelesson.obj
d:\visual studio\lab5\lab5\debug\main.obj
d:\visual studio\lab5\lab5\debug\offlinelesson.obj
d:\visual studio\lab5\lab5\debug\filelogger.obj
d:\visual studio\lab5\lab5\debug\dynamicarray.obj
d:\visual studio\lab5\lab5\debug\controller.obj
d:\visual studio\lab5\debug\lab5.ilk
d:\visual studio\lab5\debug\lab5.exe
d:\visual studio\lab5\debug\lab5.pdb
d:\visual studio\lab5\lab5\debug\lab5.tlog\cl.command.1.tlog
d:\visual studio\lab5\lab5\debug\lab5.tlog\cl.read.1.tlog
d:\visual studio\lab5\lab5\debug\lab5.tlog\cl.write.1.tlog
d:\visual studio\lab5\lab5\debug\lab5.tlog\link.command.1.tlog
d:\visual studio\lab5\lab5\debug\lab5.tlog\link.read.1.tlog
d:\visual studio\lab5\lab5\debug\lab5.tlog\link.write.1.tlog
